<?xml version="1.0" encoding="UTF-8"?>
<!-- Generated by org.testng.reporters.JUnitXMLReporter -->
<testsuite ignored="0" hostname="Omeshs-MacBook-Pro.local" failures="0" tests="5" name="Default test" time="29.192" errors="0" timestamp="04 Jan 2023 09:53:21 GMT">
  <testcase classname="tests.LoginPageTest" name="run_LoginTest" time="5.907"/>
  <testcase classname="tests.LoginPageTest" name="run_addToCartTest" time="2.96"/>
  <testcase classname="tests.LoginPageTest" name="run_verifyProductInCart_Checkout" time="5.802"/>
  <testcase classname="tests.LoginPageTest" name="run_checkout" time="1.422"/>
  <testcase classname="tests.LoginPageTest" name="run_confirmationMessage" time="0.118"/>
</testsuite> <!-- Default test -->
