<?xml version="1.0" encoding="UTF-8"?>
<!-- Generated by org.testng.reporters.JUnitXMLReporter -->
<testsuite ignored="0" hostname="Omeshs-MacBook-Pro.local" failures="1" tests="1" name="AddProductPageTest" time="0.007" errors="0" timestamp="04 Jan 2023 08:16:40 GMT">
  <testcase classname="tests.AddProductPageTest" name="run_addToCartTest" time="0.002">
    <failure type="java.lang.NullPointerException" message="Cannot invoke &amp;quot;org.openqa.selenium.SearchContext.findElement(org.openqa.selenium.By)&amp;quot; because &amp;quot;this.searchContext&amp;quot; is null">
      <![CDATA[java.lang.NullPointerException: Cannot invoke "org.openqa.selenium.SearchContext.findElement(org.openqa.selenium.By)" because "this.searchContext" is null
at org.openqa.selenium.support.pagefactory.DefaultElementLocator.findElement(DefaultElementLocator.java:70)
at org.openqa.selenium.support.pagefactory.internal.LocatingElementHandler.invoke(LocatingElementHandler.java:39)
at jdk.proxy2/jdk.proxy2.$Proxy12.sendKeys(Unknown Source)
at pageobjects.LoginPage.login(LoginPage.java:31)
at tests.AddProductPageTest.run_addToCartTest(AddProductPageTest.java:28)
... Removed 25 stack frames]]>
    </failure>
  </testcase> <!-- run_addToCartTest -->
</testsuite> <!-- AddProductPageTest -->
