<?xml version="1.0" encoding="UTF-8"?>
<!-- Generated by org.testng.reporters.JUnitXMLReporter -->
<testsuite ignored="0" hostname="Omeshs-MacBook-Pro.local" failures="0" tests="5" name="LoginPageTest" time="31.449" errors="0" timestamp="04 Jan 2023 09:54:33 GMT">
  <testcase classname="tests.LoginPageTest" name="run_LoginTest" time="5.921"/>
  <testcase classname="tests.LoginPageTest" name="run_addToCartTest" time="2.967"/>
  <testcase classname="tests.LoginPageTest" name="run_verifyProductInCart_Checkout" time="5.81"/>
  <testcase classname="tests.LoginPageTest" name="run_checkout" time="1.47"/>
  <testcase classname="tests.LoginPageTest" name="run_confirmationMessage" time="0.187"/>
</testsuite> <!-- LoginPageTest -->
