<?xml version="1.0" encoding="UTF-8"?>
<!-- Generated by org.testng.reporters.JUnitXMLReporter -->
<testsuite ignored="0" hostname="Omeshs-MacBook-Pro.local" failures="1" tests="6" name="Test" time="15.969" errors="0" timestamp="03 Jan 2023 13:22:42 GMT">
  <testcase classname="tests.LoginPageTest" name="run_LoginTest" time="5.925"/>
  <testcase classname="tests.LoginPageTest" name="run_LoginTest" time="5.939">
    <failure type="java.lang.NullPointerException" message="Cannot invoke &amp;quot;com.aventstack.extentreports.ExtentTest.log(com.aventstack.extentreports.Status, String)&amp;quot; because the return value of &amp;quot;java.lang.ThreadLocal.get()&amp;quot; is null">
      <![CDATA[java.lang.NullPointerException: Cannot invoke "com.aventstack.extentreports.ExtentTest.log(com.aventstack.extentreports.Status, String)" because the return value of "java.lang.ThreadLocal.get()" is null
at testComponents.Listeners.onTestSuccess(Listeners.java:43)
... Removed 22 stack frames]]>
    </failure>
  </testcase> <!-- run_LoginTest -->
  <testcase classname="tests.LoginPageTest" name="run_addToCartTest" time="0.0">
    <skipped/>
  </testcase> <!-- run_addToCartTest -->
  <testcase classname="tests.LoginPageTest" name="run_verifyProductInCart_Checkout" time="0.0">
    <skipped/>
  </testcase> <!-- run_verifyProductInCart_Checkout -->
  <testcase classname="tests.LoginPageTest" name="run_checkout" time="0.0">
    <skipped/>
  </testcase> <!-- run_checkout -->
  <testcase classname="tests.LoginPageTest" name="run_confirmationMessage" time="0.0">
    <skipped/>
  </testcase> <!-- run_confirmationMessage -->
</testsuite> <!-- Test -->
