<?xml version="1.0" encoding="UTF-8"?>
<testng-results ignored="0" total="5" passed="5" failed="0" skipped="0">
  <reporter-output>
  </reporter-output>
  <suite started-at="2023-01-04T09:54:02Z" name="Suite" finished-at="2023-01-04T09:54:33Z" duration-ms="31449">
    <groups>
    </groups>
    <test started-at="2023-01-04T09:54:02Z" name="LoginPageTest" finished-at="2023-01-04T09:54:33Z" duration-ms="31449">
      <class name="tests.LoginPageTest">
        <test-method is-config="true" signature="launchApp()[pri:0, instance:tests.LoginPageTest@59a008ba]" started-at="2023-01-04T09:54:02Z" name="launchApp" finished-at="2023-01-04T09:54:15Z" duration-ms="13098" status="PASS">
          <reporter-output>
          </reporter-output>
        </test-method> <!-- launchApp -->
        <test-method signature="run_LoginTest()[pri:0, instance:tests.LoginPageTest@59a008ba]" started-at="2023-01-04T09:54:15Z" name="run_LoginTest" finished-at="2023-01-04T09:54:21Z" duration-ms="5921" status="PASS">
          <reporter-output>
          </reporter-output>
        </test-method> <!-- run_LoginTest -->
        <test-method signature="run_addToCartTest()[pri:0, instance:tests.LoginPageTest@59a008ba]" started-at="2023-01-04T09:54:21Z" name="run_addToCartTest" finished-at="2023-01-04T09:54:24Z" depends-on-methods="tests.LoginPageTest.run_LoginTest" duration-ms="2967" status="PASS">
          <reporter-output>
          </reporter-output>
        </test-method> <!-- run_addToCartTest -->
        <test-method signature="run_verifyProductInCart_Checkout()[pri:0, instance:tests.LoginPageTest@59a008ba]" started-at="2023-01-04T09:54:25Z" name="run_verifyProductInCart_Checkout" finished-at="2023-01-04T09:54:30Z" depends-on-methods="tests.LoginPageTest.run_addToCartTest" duration-ms="5810" status="PASS">
          <reporter-output>
          </reporter-output>
        </test-method> <!-- run_verifyProductInCart_Checkout -->
        <test-method signature="run_checkout()[pri:0, instance:tests.LoginPageTest@59a008ba]" started-at="2023-01-04T09:54:31Z" name="run_checkout" finished-at="2023-01-04T09:54:32Z" depends-on-methods="tests.LoginPageTest.run_verifyProductInCart_Checkout" duration-ms="1470" status="PASS">
          <reporter-output>
          </reporter-output>
        </test-method> <!-- run_checkout -->
        <test-method signature="run_confirmationMessage()[pri:0, instance:tests.LoginPageTest@59a008ba]" started-at="2023-01-04T09:54:32Z" name="run_confirmationMessage" finished-at="2023-01-04T09:54:33Z" depends-on-methods="tests.LoginPageTest.run_checkout" duration-ms="187" status="PASS">
          <reporter-output>
          </reporter-output>
        </test-method> <!-- run_confirmationMessage -->
        <test-method is-config="true" signature="exitApp()[pri:0, instance:tests.LoginPageTest@59a008ba]" started-at="2023-01-04T09:54:33Z" name="exitApp" finished-at="2023-01-04T09:54:33Z" duration-ms="117" status="PASS">
          <reporter-output>
          </reporter-output>
        </test-method> <!-- exitApp -->
      </class> <!-- tests.LoginPageTest -->
    </test> <!-- LoginPageTest -->
  </suite> <!-- Suite -->
</testng-results>
